{"C:\\Users\\xas\\Desktop\\Nanodegree\\Projetos\\MyReads\\src\\App.js": {"path":"C:\\Users\\xas\\Desktop\\Nanodegree\\Projetos\\MyReads\\src\\App.js","statementMap":{"0":{"start":{"line":11,"column":2},"end":{"line":11,"column":14}},"1":{"start":{"line":12,"column":2},"end":{"line":12,"column":40}},"2":{"start":{"line":13,"column":2},"end":{"line":13,"column":46}},"3":{"start":{"line":14,"column":2},"end":{"line":14,"column":48}},"4":{"start":{"line":15,"column":2},"end":{"line":15,"column":48}},"5":{"start":{"line":20,"column":2},"end":{"line":25,"column":3}},"6":{"start":{"line":21,"column":17},"end":{"line":21,"column":69}},"7":{"start":{"line":22,"column":3},"end":{"line":22,"column":27}},"8":{"start":{"line":24,"column":3},"end":{"line":24,"column":59}},"9":{"start":{"line":24,"column":35},"end":{"line":24,"column":58}},"10":{"start":{"line":29,"column":23},"end":{"line":29,"column":28}},"11":{"start":{"line":31,"column":16},"end":{"line":37,"column":4}},"12":{"start":{"line":32,"column":3},"end":{"line":35,"column":4}},"13":{"start":{"line":33,"column":4},"end":{"line":33,"column":25}},"14":{"start":{"line":34,"column":4},"end":{"line":34,"column":25}},"15":{"start":{"line":36,"column":3},"end":{"line":36,"column":11}},"16":{"start":{"line":39,"column":2},"end":{"line":39,"column":42}},"17":{"start":{"line":39,"column":23},"end":{"line":39,"column":42}},"18":{"start":{"line":41,"column":2},"end":{"line":41,"column":41}},"19":{"start":{"line":42,"column":2},"end":{"line":42,"column":25}},"20":{"start":{"line":46,"column":2},"end":{"line":46,"column":65}},"21":{"start":{"line":47,"column":2},"end":{"line":47,"column":26}},"22":{"start":{"line":51,"column":2},"end":{"line":51,"column":66}},"23":{"start":{"line":51,"column":40},"end":{"line":51,"column":65}},"24":{"start":{"line":55,"column":16},"end":{"line":55,"column":70}},"25":{"start":{"line":55,"column":43},"end":{"line":55,"column":59}},"26":{"start":{"line":56,"column":2},"end":{"line":56,"column":26}},"27":{"start":{"line":57,"column":2},"end":{"line":57,"column":46}},"28":{"start":{"line":58,"column":2},"end":{"line":58,"column":14}},"29":{"start":{"line":62,"column":38},"end":{"line":62,"column":48}},"30":{"start":{"line":64,"column":2},"end":{"line":84,"column":3}},"31":{"start":{"line":68,"column":6},"end":{"line":71,"column":8}},"32":{"start":{"line":75,"column":6},"end":{"line":80,"column":8}}},"fnMap":{"0":{"name":"(anonymous_0)","decl":{"start":{"line":10,"column":1},"end":{"line":10,"column":2}},"loc":{"start":{"line":10,"column":20},"end":{"line":16,"column":2}},"line":10},"1":{"name":"(anonymous_1)","decl":{"start":{"line":18,"column":1},"end":{"line":18,"column":2}},"loc":{"start":{"line":18,"column":21},"end":{"line":26,"column":2}},"line":18},"2":{"name":"(anonymous_2)","decl":{"start":{"line":24,"column":26},"end":{"line":24,"column":27}},"loc":{"start":{"line":24,"column":35},"end":{"line":24,"column":58}},"line":24},"3":{"name":"(anonymous_3)","decl":{"start":{"line":28,"column":1},"end":{"line":28,"column":2}},"loc":{"start":{"line":28,"column":26},"end":{"line":43,"column":2}},"line":28},"4":{"name":"(anonymous_4)","decl":{"start":{"line":31,"column":37},"end":{"line":31,"column":38}},"loc":{"start":{"line":31,"column":42},"end":{"line":37,"column":3}},"line":31},"5":{"name":"(anonymous_5)","decl":{"start":{"line":45,"column":1},"end":{"line":45,"column":2}},"loc":{"start":{"line":45,"column":20},"end":{"line":48,"column":2}},"line":45},"6":{"name":"(anonymous_6)","decl":{"start":{"line":50,"column":1},"end":{"line":50,"column":2}},"loc":{"start":{"line":50,"column":20},"end":{"line":52,"column":2}},"line":50},"7":{"name":"(anonymous_7)","decl":{"start":{"line":51,"column":30},"end":{"line":51,"column":31}},"loc":{"start":{"line":51,"column":40},"end":{"line":51,"column":65}},"line":51},"8":{"name":"(anonymous_8)","decl":{"start":{"line":54,"column":1},"end":{"line":54,"column":2}},"loc":{"start":{"line":54,"column":19},"end":{"line":59,"column":2}},"line":54},"9":{"name":"(anonymous_9)","decl":{"start":{"line":55,"column":38},"end":{"line":55,"column":39}},"loc":{"start":{"line":55,"column":43},"end":{"line":55,"column":59}},"line":55},"10":{"name":"(anonymous_10)","decl":{"start":{"line":61,"column":1},"end":{"line":61,"column":2}},"loc":{"start":{"line":61,"column":10},"end":{"line":85,"column":2}},"line":61},"11":{"name":"(anonymous_11)","decl":{"start":{"line":67,"column":35},"end":{"line":67,"column":36}},"loc":{"start":{"line":68,"column":6},"end":{"line":71,"column":8}},"line":68},"12":{"name":"(anonymous_12)","decl":{"start":{"line":74,"column":35},"end":{"line":74,"column":36}},"loc":{"start":{"line":75,"column":6},"end":{"line":80,"column":8}},"line":75}},"branchMap":{"0":{"loc":{"start":{"line":20,"column":2},"end":{"line":25,"column":3}},"type":"if","locations":[{"start":{"line":20,"column":2},"end":{"line":25,"column":3}},{"start":{"line":20,"column":2},"end":{"line":25,"column":3}}],"line":20},"1":{"loc":{"start":{"line":32,"column":3},"end":{"line":35,"column":4}},"type":"if","locations":[{"start":{"line":32,"column":3},"end":{"line":35,"column":4}},{"start":{"line":32,"column":3},"end":{"line":35,"column":4}}],"line":32},"2":{"loc":{"start":{"line":39,"column":2},"end":{"line":39,"column":42}},"type":"if","locations":[{"start":{"line":39,"column":2},"end":{"line":39,"column":42}},{"start":{"line":39,"column":2},"end":{"line":39,"column":42}}],"line":39},"3":{"loc":{"start":{"line":55,"column":16},"end":{"line":55,"column":70}},"type":"binary-expr","locations":[{"start":{"line":55,"column":16},"end":{"line":55,"column":60}},{"start":{"line":55,"column":64},"end":{"line":55,"column":70}}],"line":55},"4":{"loc":{"start":{"line":62,"column":10},"end":{"line":62,"column":20}},"type":"default-arg","locations":[{"start":{"line":62,"column":18},"end":{"line":62,"column":20}}],"line":62},"5":{"loc":{"start":{"line":62,"column":22},"end":{"line":62,"column":33}},"type":"default-arg","locations":[{"start":{"line":62,"column":31},"end":{"line":62,"column":33}}],"line":62}},"s":{"0":4,"1":4,"2":4,"3":4,"4":4,"5":4,"6":1,"7":1,"8":3,"9":3,"10":2,"11":2,"12":3,"13":1,"14":1,"15":3,"16":2,"17":1,"18":2,"19":2,"20":5,"21":5,"22":1,"23":1,"24":2,"25":4,"26":2,"27":2,"28":2,"29":13,"30":13,"31":9,"32":2},"f":{"0":4,"1":4,"2":3,"3":2,"4":3,"5":5,"6":1,"7":1,"8":2,"9":4,"10":13,"11":9,"12":2},"b":{"0":[1,3],"1":[1,2],"2":[1,1],"3":[2,1],"4":[0],"5":[0]},"_coverageSchema":"332fd63041d2c1bcb487cc26dd0d5f7d97098a6c","hash":"34358b0f3a1195add701650d43d48fcc7faa2dc3"}
,"C:\\Users\\xas\\Desktop\\Nanodegree\\Projetos\\MyReads\\src\\index.js": {"path":"C:\\Users\\xas\\Desktop\\Nanodegree\\Projetos\\MyReads\\src\\index.js","statementMap":{"0":{"start":{"line":1,"column":58},"end":{"line":1,"column":129}}},"fnMap":{},"branchMap":{},"s":{"0":0},"f":{},"b":{}}
,"C:\\Users\\xas\\Desktop\\Nanodegree\\Projetos\\MyReads\\src\\setupTests.js": {"path":"C:\\Users\\xas\\Desktop\\Nanodegree\\Projetos\\MyReads\\src\\setupTests.js","statementMap":{"0":{"start":{"line":4,"column":0},"end":{"line":4,"column":33}},"1":{"start":{"line":6,"column":0},"end":{"line":6,"column":37}}},"fnMap":{},"branchMap":{},"s":{"0":9,"1":9},"f":{},"b":{},"_coverageSchema":"332fd63041d2c1bcb487cc26dd0d5f7d97098a6c","hash":"e762b468150a69e6a495ed5e534af15f8e5ed12c"}
,"C:\\Users\\xas\\Desktop\\Nanodegree\\Projetos\\MyReads\\src\\__tests__\\App.js": {"path":"C:\\Users\\xas\\Desktop\\Nanodegree\\Projetos\\MyReads\\src\\__tests__\\App.js","statementMap":{"0":{"start":{"line":1,"column":0},"end":{"line":1,"column":33}},"1":{"start":{"line":9,"column":14},"end":{"line":25,"column":1}},"2":{"start":{"line":27,"column":0},"end":{"line":27,"column":87}},"3":{"start":{"line":27,"column":65},"end":{"line":27,"column":86}},"4":{"start":{"line":29,"column":16},"end":{"line":33,"column":1}},"5":{"start":{"line":35,"column":0},"end":{"line":109,"column":2}},"6":{"start":{"line":36,"column":3},"end":{"line":38,"column":5}},"7":{"start":{"line":37,"column":6},"end":{"line":37,"column":30}},"8":{"start":{"line":40,"column":3},"end":{"line":42,"column":5}},"9":{"start":{"line":41,"column":6},"end":{"line":41,"column":21}},"10":{"start":{"line":44,"column":3},"end":{"line":46,"column":5}},"11":{"start":{"line":45,"column":6},"end":{"line":45,"column":49}},"12":{"start":{"line":48,"column":3},"end":{"line":56,"column":5}},"13":{"start":{"line":49,"column":22},"end":{"line":53,"column":7}},"14":{"start":{"line":55,"column":6},"end":{"line":55,"column":51}},"15":{"start":{"line":58,"column":3},"end":{"line":60,"column":5}},"16":{"start":{"line":59,"column":6},"end":{"line":59,"column":69}},"17":{"start":{"line":62,"column":3},"end":{"line":100,"column":5}},"18":{"start":{"line":63,"column":6},"end":{"line":63,"column":45}},"19":{"start":{"line":65,"column":6},"end":{"line":67,"column":8}},"20":{"start":{"line":66,"column":9},"end":{"line":66,"column":64}},"21":{"start":{"line":66,"column":49},"end":{"line":66,"column":63}},"22":{"start":{"line":69,"column":6},"end":{"line":69,"column":33}},"23":{"start":{"line":71,"column":6},"end":{"line":73,"column":8}},"24":{"start":{"line":72,"column":9},"end":{"line":72,"column":64}},"25":{"start":{"line":72,"column":49},"end":{"line":72,"column":63}},"26":{"start":{"line":75,"column":22},"end":{"line":79,"column":7}},"27":{"start":{"line":81,"column":6},"end":{"line":83,"column":8}},"28":{"start":{"line":82,"column":9},"end":{"line":82,"column":51}},"29":{"start":{"line":85,"column":6},"end":{"line":88,"column":8}},"30":{"start":{"line":86,"column":9},"end":{"line":86,"column":67}},"31":{"start":{"line":87,"column":9},"end":{"line":87,"column":51}},"32":{"start":{"line":90,"column":6},"end":{"line":94,"column":8}},"33":{"start":{"line":91,"column":9},"end":{"line":91,"column":57}},"34":{"start":{"line":92,"column":9},"end":{"line":92,"column":67}},"35":{"start":{"line":93,"column":9},"end":{"line":93,"column":51}},"36":{"start":{"line":96,"column":6},"end":{"line":99,"column":8}},"37":{"start":{"line":97,"column":9},"end":{"line":97,"column":53}},"38":{"start":{"line":98,"column":9},"end":{"line":98,"column":51}},"39":{"start":{"line":102,"column":3},"end":{"line":108,"column":5}},"40":{"start":{"line":103,"column":6},"end":{"line":107,"column":8}},"41":{"start":{"line":104,"column":22},"end":{"line":104,"column":65}},"42":{"start":{"line":105,"column":9},"end":{"line":105,"column":76}},"43":{"start":{"line":106,"column":9},"end":{"line":106,"column":84}}},"fnMap":{"0":{"name":"(anonymous_0)","decl":{"start":{"line":27,"column":59},"end":{"line":27,"column":60}},"loc":{"start":{"line":27,"column":65},"end":{"line":27,"column":86}},"line":27},"1":{"name":"(anonymous_1)","decl":{"start":{"line":35,"column":20},"end":{"line":35,"column":21}},"loc":{"start":{"line":35,"column":26},"end":{"line":109,"column":1}},"line":35},"2":{"name":"(anonymous_2)","decl":{"start":{"line":36,"column":42},"end":{"line":36,"column":43}},"loc":{"start":{"line":36,"column":48},"end":{"line":38,"column":4}},"line":36},"3":{"name":"(anonymous_3)","decl":{"start":{"line":40,"column":33},"end":{"line":40,"column":34}},"loc":{"start":{"line":40,"column":39},"end":{"line":42,"column":4}},"line":40},"4":{"name":"(anonymous_4)","decl":{"start":{"line":44,"column":24},"end":{"line":44,"column":25}},"loc":{"start":{"line":44,"column":30},"end":{"line":46,"column":4}},"line":44},"5":{"name":"(anonymous_5)","decl":{"start":{"line":48,"column":26},"end":{"line":48,"column":27}},"loc":{"start":{"line":48,"column":32},"end":{"line":56,"column":4}},"line":48},"6":{"name":"(anonymous_6)","decl":{"start":{"line":58,"column":79},"end":{"line":58,"column":80}},"loc":{"start":{"line":58,"column":85},"end":{"line":60,"column":4}},"line":58},"7":{"name":"(anonymous_7)","decl":{"start":{"line":62,"column":25},"end":{"line":62,"column":26}},"loc":{"start":{"line":62,"column":31},"end":{"line":100,"column":4}},"line":62},"8":{"name":"(anonymous_8)","decl":{"start":{"line":65,"column":53},"end":{"line":65,"column":54}},"loc":{"start":{"line":65,"column":59},"end":{"line":67,"column":7}},"line":65},"9":{"name":"(anonymous_9)","decl":{"start":{"line":66,"column":28},"end":{"line":66,"column":29}},"loc":{"start":{"line":66,"column":49},"end":{"line":66,"column":63}},"line":66},"10":{"name":"(anonymous_10)","decl":{"start":{"line":71,"column":53},"end":{"line":71,"column":54}},"loc":{"start":{"line":71,"column":59},"end":{"line":73,"column":7}},"line":71},"11":{"name":"(anonymous_11)","decl":{"start":{"line":72,"column":28},"end":{"line":72,"column":29}},"loc":{"start":{"line":72,"column":49},"end":{"line":72,"column":63}},"line":72},"12":{"name":"(anonymous_12)","decl":{"start":{"line":81,"column":26},"end":{"line":81,"column":27}},"loc":{"start":{"line":81,"column":32},"end":{"line":83,"column":7}},"line":81},"13":{"name":"(anonymous_13)","decl":{"start":{"line":85,"column":25},"end":{"line":85,"column":26}},"loc":{"start":{"line":85,"column":31},"end":{"line":88,"column":7}},"line":85},"14":{"name":"(anonymous_14)","decl":{"start":{"line":90,"column":60},"end":{"line":90,"column":61}},"loc":{"start":{"line":90,"column":66},"end":{"line":94,"column":7}},"line":90},"15":{"name":"(anonymous_15)","decl":{"start":{"line":96,"column":25},"end":{"line":96,"column":26}},"loc":{"start":{"line":96,"column":31},"end":{"line":99,"column":7}},"line":96},"16":{"name":"(anonymous_16)","decl":{"start":{"line":102,"column":23},"end":{"line":102,"column":24}},"loc":{"start":{"line":102,"column":29},"end":{"line":108,"column":4}},"line":102},"17":{"name":"(anonymous_17)","decl":{"start":{"line":103,"column":83},"end":{"line":103,"column":84}},"loc":{"start":{"line":103,"column":89},"end":{"line":107,"column":7}},"line":103}},"branchMap":{},"s":{"0":1,"1":1,"2":1,"3":2,"4":1,"5":1,"6":1,"7":1,"8":1,"9":1,"10":1,"11":1,"12":1,"13":1,"14":1,"15":1,"16":1,"17":1,"18":1,"19":1,"20":3,"21":3,"22":1,"23":1,"24":1,"25":1,"26":1,"27":1,"28":1,"29":1,"30":1,"31":1,"32":1,"33":1,"34":1,"35":1,"36":1,"37":1,"38":1,"39":1,"40":1,"41":1,"42":1,"43":1},"f":{"0":2,"1":1,"2":1,"3":1,"4":1,"5":1,"6":1,"7":1,"8":3,"9":3,"10":1,"11":1,"12":1,"13":1,"14":1,"15":1,"16":1,"17":1},"b":{},"_coverageSchema":"332fd63041d2c1bcb487cc26dd0d5f7d97098a6c","hash":"cd0e573ba1b57e7b873a85de39c6a3c710e7021f"}
,"C:\\Users\\xas\\Desktop\\Nanodegree\\Projetos\\MyReads\\src\\__tests__\\components\\SearchButton.js": {"path":"C:\\Users\\xas\\Desktop\\Nanodegree\\Projetos\\MyReads\\src\\__tests__\\components\\SearchButton.js","statementMap":{"0":{"start":{"line":6,"column":16},"end":{"line":6,"column":68}},"1":{"start":{"line":8,"column":0},"end":{"line":20,"column":2}},"2":{"start":{"line":9,"column":3},"end":{"line":11,"column":5}},"3":{"start":{"line":10,"column":6},"end":{"line":10,"column":39}},"4":{"start":{"line":13,"column":3},"end":{"line":15,"column":5}},"5":{"start":{"line":14,"column":6},"end":{"line":14,"column":21}},"6":{"start":{"line":17,"column":3},"end":{"line":19,"column":5}},"7":{"start":{"line":18,"column":6},"end":{"line":18,"column":63}}},"fnMap":{"0":{"name":"(anonymous_0)","decl":{"start":{"line":8,"column":29},"end":{"line":8,"column":30}},"loc":{"start":{"line":8,"column":35},"end":{"line":20,"column":1}},"line":8},"1":{"name":"(anonymous_1)","decl":{"start":{"line":9,"column":42},"end":{"line":9,"column":43}},"loc":{"start":{"line":9,"column":48},"end":{"line":11,"column":4}},"line":9},"2":{"name":"(anonymous_2)","decl":{"start":{"line":13,"column":33},"end":{"line":13,"column":34}},"loc":{"start":{"line":13,"column":39},"end":{"line":15,"column":4}},"line":13},"3":{"name":"(anonymous_3)","decl":{"start":{"line":17,"column":38},"end":{"line":17,"column":39}},"loc":{"start":{"line":17,"column":44},"end":{"line":19,"column":4}},"line":17}},"branchMap":{},"s":{"0":1,"1":1,"2":1,"3":1,"4":1,"5":1,"6":1,"7":1},"f":{"0":1,"1":1,"2":1,"3":1},"b":{},"_coverageSchema":"332fd63041d2c1bcb487cc26dd0d5f7d97098a6c","hash":"fd6c115484c94787b802ddf8bca570b200561961"}
,"C:\\Users\\xas\\Desktop\\Nanodegree\\Projetos\\MyReads\\src\\__tests__\\components\\book.js": {"path":"C:\\Users\\xas\\Desktop\\Nanodegree\\Projetos\\MyReads\\src\\__tests__\\components\\book.js","statementMap":{"0":{"start":{"line":6,"column":14},"end":{"line":11,"column":1}},"1":{"start":{"line":13,"column":16},"end":{"line":13,"column":43}},"2":{"start":{"line":15,"column":0},"end":{"line":96,"column":2}},"3":{"start":{"line":16,"column":3},"end":{"line":18,"column":5}},"4":{"start":{"line":17,"column":6},"end":{"line":17,"column":42}},"5":{"start":{"line":20,"column":3},"end":{"line":22,"column":5}},"6":{"start":{"line":21,"column":6},"end":{"line":21,"column":21}},"7":{"start":{"line":24,"column":3},"end":{"line":44,"column":5}},"8":{"start":{"line":25,"column":6},"end":{"line":27,"column":8}},"9":{"start":{"line":26,"column":9},"end":{"line":26,"column":59}},"10":{"start":{"line":29,"column":6},"end":{"line":31,"column":8}},"11":{"start":{"line":30,"column":9},"end":{"line":30,"column":54}},"12":{"start":{"line":33,"column":6},"end":{"line":35,"column":8}},"13":{"start":{"line":34,"column":9},"end":{"line":34,"column":59}},"14":{"start":{"line":37,"column":6},"end":{"line":39,"column":8}},"15":{"start":{"line":38,"column":9},"end":{"line":38,"column":66}},"16":{"start":{"line":41,"column":6},"end":{"line":43,"column":8}},"17":{"start":{"line":42,"column":9},"end":{"line":42,"column":52}},"18":{"start":{"line":46,"column":3},"end":{"line":70,"column":5}},"19":{"start":{"line":47,"column":20},"end":{"line":51,"column":7}},"20":{"start":{"line":52,"column":22},"end":{"line":52,"column":49}},"21":{"start":{"line":54,"column":6},"end":{"line":58,"column":8}},"22":{"start":{"line":55,"column":23},"end":{"line":55,"column":39}},"23":{"start":{"line":56,"column":9},"end":{"line":56,"column":46}},"24":{"start":{"line":57,"column":9},"end":{"line":57,"column":62}},"25":{"start":{"line":60,"column":6},"end":{"line":64,"column":8}},"26":{"start":{"line":61,"column":24},"end":{"line":61,"column":27}},"27":{"start":{"line":62,"column":9},"end":{"line":62,"column":48}},"28":{"start":{"line":63,"column":9},"end":{"line":63,"column":62}},"29":{"start":{"line":66,"column":6},"end":{"line":69,"column":8}},"30":{"start":{"line":67,"column":9},"end":{"line":67,"column":47}},"31":{"start":{"line":68,"column":9},"end":{"line":68,"column":63}},"32":{"start":{"line":72,"column":3},"end":{"line":82,"column":5}},"33":{"start":{"line":73,"column":20},"end":{"line":77,"column":7}},"34":{"start":{"line":78,"column":22},"end":{"line":78,"column":48}},"35":{"start":{"line":80,"column":6},"end":{"line":80,"column":59}},"36":{"start":{"line":81,"column":6},"end":{"line":81,"column":60}},"37":{"start":{"line":84,"column":3},"end":{"line":88,"column":5}},"38":{"start":{"line":85,"column":21},"end":{"line":85,"column":43}},"39":{"start":{"line":86,"column":6},"end":{"line":86,"column":43}},"40":{"start":{"line":87,"column":6},"end":{"line":87,"column":65}},"41":{"start":{"line":90,"column":3},"end":{"line":95,"column":5}},"42":{"start":{"line":91,"column":21},"end":{"line":91,"column":41}},"43":{"start":{"line":92,"column":6},"end":{"line":92,"column":37}},"44":{"start":{"line":93,"column":6},"end":{"line":93,"column":27}},"45":{"start":{"line":94,"column":6},"end":{"line":94,"column":65}}},"fnMap":{"0":{"name":"(anonymous_0)","decl":{"start":{"line":15,"column":21},"end":{"line":15,"column":22}},"loc":{"start":{"line":15,"column":27},"end":{"line":96,"column":1}},"line":15},"1":{"name":"(anonymous_1)","decl":{"start":{"line":16,"column":42},"end":{"line":16,"column":43}},"loc":{"start":{"line":16,"column":48},"end":{"line":18,"column":4}},"line":16},"2":{"name":"(anonymous_2)","decl":{"start":{"line":20,"column":33},"end":{"line":20,"column":34}},"loc":{"start":{"line":20,"column":39},"end":{"line":22,"column":4}},"line":20},"3":{"name":"(anonymous_3)","decl":{"start":{"line":24,"column":32},"end":{"line":24,"column":33}},"loc":{"start":{"line":24,"column":38},"end":{"line":44,"column":4}},"line":24},"4":{"name":"(anonymous_4)","decl":{"start":{"line":25,"column":28},"end":{"line":25,"column":29}},"loc":{"start":{"line":25,"column":34},"end":{"line":27,"column":7}},"line":25},"5":{"name":"(anonymous_5)","decl":{"start":{"line":29,"column":25},"end":{"line":29,"column":26}},"loc":{"start":{"line":29,"column":31},"end":{"line":31,"column":7}},"line":29},"6":{"name":"(anonymous_6)","decl":{"start":{"line":33,"column":24},"end":{"line":33,"column":25}},"loc":{"start":{"line":33,"column":30},"end":{"line":35,"column":7}},"line":33},"7":{"name":"(anonymous_7)","decl":{"start":{"line":37,"column":38},"end":{"line":37,"column":39}},"loc":{"start":{"line":37,"column":44},"end":{"line":39,"column":7}},"line":37},"8":{"name":"(anonymous_8)","decl":{"start":{"line":41,"column":47},"end":{"line":41,"column":48}},"loc":{"start":{"line":41,"column":53},"end":{"line":43,"column":7}},"line":41},"9":{"name":"(anonymous_9)","decl":{"start":{"line":46,"column":38},"end":{"line":46,"column":39}},"loc":{"start":{"line":46,"column":44},"end":{"line":70,"column":4}},"line":46},"10":{"name":"(anonymous_10)","decl":{"start":{"line":54,"column":46},"end":{"line":54,"column":47}},"loc":{"start":{"line":54,"column":52},"end":{"line":58,"column":7}},"line":54},"11":{"name":"(anonymous_11)","decl":{"start":{"line":60,"column":47},"end":{"line":60,"column":48}},"loc":{"start":{"line":60,"column":53},"end":{"line":64,"column":7}},"line":60},"12":{"name":"(anonymous_12)","decl":{"start":{"line":66,"column":53},"end":{"line":66,"column":54}},"loc":{"start":{"line":66,"column":59},"end":{"line":69,"column":7}},"line":66},"13":{"name":"(anonymous_13)","decl":{"start":{"line":72,"column":64},"end":{"line":72,"column":65}},"loc":{"start":{"line":72,"column":70},"end":{"line":82,"column":4}},"line":72},"14":{"name":"(anonymous_14)","decl":{"start":{"line":84,"column":57},"end":{"line":84,"column":58}},"loc":{"start":{"line":84,"column":63},"end":{"line":88,"column":4}},"line":84},"15":{"name":"(anonymous_15)","decl":{"start":{"line":90,"column":54},"end":{"line":90,"column":55}},"loc":{"start":{"line":90,"column":60},"end":{"line":95,"column":4}},"line":90}},"branchMap":{},"s":{"0":1,"1":1,"2":1,"3":1,"4":1,"5":1,"6":1,"7":1,"8":1,"9":1,"10":1,"11":1,"12":1,"13":1,"14":1,"15":1,"16":1,"17":1,"18":1,"19":1,"20":1,"21":1,"22":1,"23":1,"24":1,"25":1,"26":1,"27":1,"28":1,"29":1,"30":1,"31":1,"32":1,"33":1,"34":1,"35":1,"36":1,"37":1,"38":1,"39":1,"40":1,"41":1,"42":1,"43":1,"44":1,"45":1},"f":{"0":1,"1":1,"2":1,"3":1,"4":1,"5":1,"6":1,"7":1,"8":1,"9":1,"10":1,"11":1,"12":1,"13":1,"14":1,"15":1},"b":{},"_coverageSchema":"332fd63041d2c1bcb487cc26dd0d5f7d97098a6c","hash":"17c1dfc21d950ac24bebd4e2c50c30e15ebf1b53"}
,"C:\\Users\\xas\\Desktop\\Nanodegree\\Projetos\\MyReads\\src\\__tests__\\components\\rating.js": {"path":"C:\\Users\\xas\\Desktop\\Nanodegree\\Projetos\\MyReads\\src\\__tests__\\components\\rating.js","statementMap":{"0":{"start":{"line":5,"column":14},"end":{"line":9,"column":1}},"1":{"start":{"line":11,"column":16},"end":{"line":11,"column":45}},"2":{"start":{"line":13,"column":0},"end":{"line":39,"column":2}},"3":{"start":{"line":14,"column":3},"end":{"line":16,"column":5}},"4":{"start":{"line":15,"column":6},"end":{"line":15,"column":44}},"5":{"start":{"line":18,"column":3},"end":{"line":20,"column":5}},"6":{"start":{"line":19,"column":6},"end":{"line":19,"column":21}},"7":{"start":{"line":22,"column":3},"end":{"line":24,"column":5}},"8":{"start":{"line":23,"column":6},"end":{"line":23,"column":49}},"9":{"start":{"line":26,"column":3},"end":{"line":29,"column":5}},"10":{"start":{"line":27,"column":6},"end":{"line":27,"column":50}},"11":{"start":{"line":28,"column":6},"end":{"line":28,"column":50}},"12":{"start":{"line":31,"column":3},"end":{"line":34,"column":5}},"13":{"start":{"line":32,"column":6},"end":{"line":32,"column":52}},"14":{"start":{"line":33,"column":6},"end":{"line":33,"column":61}},"15":{"start":{"line":36,"column":3},"end":{"line":38,"column":5}},"16":{"start":{"line":37,"column":6},"end":{"line":37,"column":76}}},"fnMap":{"0":{"name":"(anonymous_0)","decl":{"start":{"line":13,"column":23},"end":{"line":13,"column":24}},"loc":{"start":{"line":13,"column":29},"end":{"line":39,"column":1}},"line":13},"1":{"name":"(anonymous_1)","decl":{"start":{"line":14,"column":42},"end":{"line":14,"column":43}},"loc":{"start":{"line":14,"column":48},"end":{"line":16,"column":4}},"line":14},"2":{"name":"(anonymous_2)","decl":{"start":{"line":18,"column":33},"end":{"line":18,"column":34}},"loc":{"start":{"line":18,"column":39},"end":{"line":20,"column":4}},"line":18},"3":{"name":"(anonymous_3)","decl":{"start":{"line":22,"column":20},"end":{"line":22,"column":21}},"loc":{"start":{"line":22,"column":26},"end":{"line":24,"column":4}},"line":22},"4":{"name":"(anonymous_4)","decl":{"start":{"line":26,"column":41},"end":{"line":26,"column":42}},"loc":{"start":{"line":26,"column":47},"end":{"line":29,"column":4}},"line":26},"5":{"name":"(anonymous_5)","decl":{"start":{"line":31,"column":46},"end":{"line":31,"column":47}},"loc":{"start":{"line":31,"column":52},"end":{"line":34,"column":4}},"line":31},"6":{"name":"(anonymous_6)","decl":{"start":{"line":36,"column":69},"end":{"line":36,"column":70}},"loc":{"start":{"line":36,"column":75},"end":{"line":38,"column":4}},"line":36}},"branchMap":{},"s":{"0":1,"1":1,"2":1,"3":1,"4":1,"5":1,"6":1,"7":1,"8":1,"9":1,"10":1,"11":1,"12":1,"13":1,"14":1,"15":1,"16":1},"f":{"0":1,"1":1,"2":1,"3":1,"4":1,"5":1,"6":1},"b":{},"_coverageSchema":"332fd63041d2c1bcb487cc26dd0d5f7d97098a6c","hash":"becf1d40489fae38456f1d13f7a1e4e6a4e73c40"}
,"C:\\Users\\xas\\Desktop\\Nanodegree\\Projetos\\MyReads\\src\\__tests__\\scenes\\home\\bookshelf.js": {"path":"C:\\Users\\xas\\Desktop\\Nanodegree\\Projetos\\MyReads\\src\\__tests__\\scenes\\home\\bookshelf.js","statementMap":{"0":{"start":{"line":5,"column":14},"end":{"line":12,"column":1}},"1":{"start":{"line":14,"column":16},"end":{"line":14,"column":47}},"2":{"start":{"line":16,"column":0},"end":{"line":32,"column":2}},"3":{"start":{"line":17,"column":3},"end":{"line":19,"column":5}},"4":{"start":{"line":18,"column":6},"end":{"line":18,"column":47}},"5":{"start":{"line":21,"column":3},"end":{"line":23,"column":5}},"6":{"start":{"line":22,"column":6},"end":{"line":22,"column":21}},"7":{"start":{"line":25,"column":3},"end":{"line":27,"column":5}},"8":{"start":{"line":26,"column":6},"end":{"line":26,"column":66}},"9":{"start":{"line":29,"column":3},"end":{"line":31,"column":5}},"10":{"start":{"line":30,"column":6},"end":{"line":30,"column":49}}},"fnMap":{"0":{"name":"(anonymous_0)","decl":{"start":{"line":16,"column":26},"end":{"line":16,"column":27}},"loc":{"start":{"line":16,"column":32},"end":{"line":32,"column":1}},"line":16},"1":{"name":"(anonymous_1)","decl":{"start":{"line":17,"column":42},"end":{"line":17,"column":43}},"loc":{"start":{"line":17,"column":48},"end":{"line":19,"column":4}},"line":17},"2":{"name":"(anonymous_2)","decl":{"start":{"line":21,"column":33},"end":{"line":21,"column":34}},"loc":{"start":{"line":21,"column":39},"end":{"line":23,"column":4}},"line":21},"3":{"name":"(anonymous_3)","decl":{"start":{"line":25,"column":21},"end":{"line":25,"column":22}},"loc":{"start":{"line":25,"column":27},"end":{"line":27,"column":4}},"line":25},"4":{"name":"(anonymous_4)","decl":{"start":{"line":29,"column":20},"end":{"line":29,"column":21}},"loc":{"start":{"line":29,"column":26},"end":{"line":31,"column":4}},"line":29}},"branchMap":{},"s":{"0":1,"1":1,"2":1,"3":1,"4":1,"5":1,"6":1,"7":1,"8":1,"9":1,"10":1},"f":{"0":1,"1":1,"2":1,"3":1,"4":1},"b":{},"_coverageSchema":"332fd63041d2c1bcb487cc26dd0d5f7d97098a6c","hash":"369a019f3e7a6a92923556c09cf5f6230d34d033"}
,"C:\\Users\\xas\\Desktop\\Nanodegree\\Projetos\\MyReads\\src\\__tests__\\scenes\\home\\index.js": {"path":"C:\\Users\\xas\\Desktop\\Nanodegree\\Projetos\\MyReads\\src\\__tests__\\scenes\\home\\index.js","statementMap":{"0":{"start":{"line":6,"column":14},"end":{"line":13,"column":1}},"1":{"start":{"line":15,"column":16},"end":{"line":15,"column":72}},"2":{"start":{"line":17,"column":0},"end":{"line":33,"column":2}},"3":{"start":{"line":18,"column":3},"end":{"line":20,"column":5}},"4":{"start":{"line":19,"column":6},"end":{"line":19,"column":42}},"5":{"start":{"line":22,"column":3},"end":{"line":24,"column":5}},"6":{"start":{"line":23,"column":6},"end":{"line":23,"column":21}},"7":{"start":{"line":26,"column":3},"end":{"line":28,"column":5}},"8":{"start":{"line":27,"column":6},"end":{"line":27,"column":54}},"9":{"start":{"line":30,"column":3},"end":{"line":32,"column":5}},"10":{"start":{"line":31,"column":6},"end":{"line":31,"column":57}}},"fnMap":{"0":{"name":"(anonymous_0)","decl":{"start":{"line":17,"column":21},"end":{"line":17,"column":22}},"loc":{"start":{"line":17,"column":27},"end":{"line":33,"column":1}},"line":17},"1":{"name":"(anonymous_1)","decl":{"start":{"line":18,"column":42},"end":{"line":18,"column":43}},"loc":{"start":{"line":18,"column":48},"end":{"line":20,"column":4}},"line":18},"2":{"name":"(anonymous_2)","decl":{"start":{"line":22,"column":33},"end":{"line":22,"column":34}},"loc":{"start":{"line":22,"column":39},"end":{"line":24,"column":4}},"line":22},"3":{"name":"(anonymous_3)","decl":{"start":{"line":26,"column":28},"end":{"line":26,"column":29}},"loc":{"start":{"line":26,"column":34},"end":{"line":28,"column":4}},"line":26},"4":{"name":"(anonymous_4)","decl":{"start":{"line":30,"column":28},"end":{"line":30,"column":29}},"loc":{"start":{"line":30,"column":34},"end":{"line":32,"column":4}},"line":30}},"branchMap":{},"s":{"0":1,"1":1,"2":1,"3":1,"4":1,"5":1,"6":1,"7":1,"8":1,"9":1,"10":1},"f":{"0":1,"1":1,"2":1,"3":1,"4":1},"b":{},"_coverageSchema":"332fd63041d2c1bcb487cc26dd0d5f7d97098a6c","hash":"841c90f4e9fd6dd78a53b1bf34402bbae6a674de"}
,"C:\\Users\\xas\\Desktop\\Nanodegree\\Projetos\\MyReads\\src\\__tests__\\scenes\\search\\index.js": {"path":"C:\\Users\\xas\\Desktop\\Nanodegree\\Projetos\\MyReads\\src\\__tests__\\scenes\\search\\index.js","statementMap":{"0":{"start":{"line":6,"column":14},"end":{"line":11,"column":1}},"1":{"start":{"line":13,"column":16},"end":{"line":13,"column":73}},"2":{"start":{"line":15,"column":0},"end":{"line":45,"column":2}},"3":{"start":{"line":16,"column":3},"end":{"line":18,"column":5}},"4":{"start":{"line":17,"column":6},"end":{"line":17,"column":44}},"5":{"start":{"line":20,"column":3},"end":{"line":22,"column":5}},"6":{"start":{"line":21,"column":6},"end":{"line":21,"column":21}},"7":{"start":{"line":24,"column":3},"end":{"line":26,"column":5}},"8":{"start":{"line":25,"column":6},"end":{"line":25,"column":49}},"9":{"start":{"line":28,"column":3},"end":{"line":30,"column":5}},"10":{"start":{"line":29,"column":6},"end":{"line":29,"column":63}},"11":{"start":{"line":32,"column":3},"end":{"line":34,"column":5}},"12":{"start":{"line":33,"column":6},"end":{"line":33,"column":51}},"13":{"start":{"line":36,"column":3},"end":{"line":39,"column":5}},"14":{"start":{"line":37,"column":6},"end":{"line":37,"column":44}},"15":{"start":{"line":38,"column":6},"end":{"line":38,"column":73}},"16":{"start":{"line":41,"column":3},"end":{"line":44,"column":5}},"17":{"start":{"line":42,"column":6},"end":{"line":42,"column":59}},"18":{"start":{"line":43,"column":6},"end":{"line":43,"column":73}}},"fnMap":{"0":{"name":"(anonymous_0)","decl":{"start":{"line":15,"column":21},"end":{"line":15,"column":22}},"loc":{"start":{"line":15,"column":27},"end":{"line":45,"column":1}},"line":15},"1":{"name":"(anonymous_1)","decl":{"start":{"line":16,"column":42},"end":{"line":16,"column":43}},"loc":{"start":{"line":16,"column":48},"end":{"line":18,"column":4}},"line":16},"2":{"name":"(anonymous_2)","decl":{"start":{"line":20,"column":33},"end":{"line":20,"column":34}},"loc":{"start":{"line":20,"column":39},"end":{"line":22,"column":4}},"line":20},"3":{"name":"(anonymous_3)","decl":{"start":{"line":24,"column":20},"end":{"line":24,"column":21}},"loc":{"start":{"line":24,"column":26},"end":{"line":26,"column":4}},"line":24},"4":{"name":"(anonymous_4)","decl":{"start":{"line":28,"column":21},"end":{"line":28,"column":22}},"loc":{"start":{"line":28,"column":27},"end":{"line":30,"column":4}},"line":28},"5":{"name":"(anonymous_5)","decl":{"start":{"line":32,"column":26},"end":{"line":32,"column":27}},"loc":{"start":{"line":32,"column":32},"end":{"line":34,"column":4}},"line":32},"6":{"name":"(anonymous_6)","decl":{"start":{"line":36,"column":41},"end":{"line":36,"column":42}},"loc":{"start":{"line":36,"column":47},"end":{"line":39,"column":4}},"line":36},"7":{"name":"(anonymous_7)","decl":{"start":{"line":41,"column":43},"end":{"line":41,"column":44}},"loc":{"start":{"line":41,"column":49},"end":{"line":44,"column":4}},"line":41}},"branchMap":{},"s":{"0":1,"1":1,"2":1,"3":1,"4":1,"5":1,"6":1,"7":1,"8":1,"9":1,"10":1,"11":1,"12":1,"13":1,"14":1,"15":1,"16":1,"17":1,"18":1},"f":{"0":1,"1":1,"2":1,"3":1,"4":1,"5":1,"6":1,"7":1},"b":{},"_coverageSchema":"332fd63041d2c1bcb487cc26dd0d5f7d97098a6c","hash":"c30924672c41f0fba87e67202f2f659c77c2c91a"}
,"C:\\Users\\xas\\Desktop\\Nanodegree\\Projetos\\MyReads\\src\\__tests__\\scenes\\search\\result.js": {"path":"C:\\Users\\xas\\Desktop\\Nanodegree\\Projetos\\MyReads\\src\\__tests__\\scenes\\search\\result.js","statementMap":{"0":{"start":{"line":5,"column":14},"end":{"line":9,"column":1}},"1":{"start":{"line":11,"column":16},"end":{"line":11,"column":44}},"2":{"start":{"line":13,"column":0},"end":{"line":40,"column":2}},"3":{"start":{"line":14,"column":1},"end":{"line":16,"column":5}},"4":{"start":{"line":15,"column":6},"end":{"line":15,"column":44}},"5":{"start":{"line":18,"column":3},"end":{"line":20,"column":3}},"6":{"start":{"line":19,"column":6},"end":{"line":19,"column":21}},"7":{"start":{"line":22,"column":1},"end":{"line":31,"column":3}},"8":{"start":{"line":23,"column":16},"end":{"line":27,"column":3}},"9":{"start":{"line":29,"column":18},"end":{"line":29,"column":46}},"10":{"start":{"line":30,"column":6},"end":{"line":30,"column":67}},"11":{"start":{"line":33,"column":1},"end":{"line":35,"column":3}},"12":{"start":{"line":34,"column":6},"end":{"line":34,"column":71}},"13":{"start":{"line":37,"column":1},"end":{"line":39,"column":3}},"14":{"start":{"line":38,"column":2},"end":{"line":38,"column":45}}},"fnMap":{"0":{"name":"(anonymous_0)","decl":{"start":{"line":13,"column":23},"end":{"line":13,"column":24}},"loc":{"start":{"line":13,"column":29},"end":{"line":40,"column":1}},"line":13},"1":{"name":"(anonymous_1)","decl":{"start":{"line":14,"column":40},"end":{"line":14,"column":41}},"loc":{"start":{"line":14,"column":46},"end":{"line":16,"column":4}},"line":14},"2":{"name":"(anonymous_2)","decl":{"start":{"line":18,"column":33},"end":{"line":18,"column":34}},"loc":{"start":{"line":18,"column":39},"end":{"line":20,"column":2}},"line":18},"3":{"name":"(anonymous_3)","decl":{"start":{"line":22,"column":46},"end":{"line":22,"column":47}},"loc":{"start":{"line":22,"column":52},"end":{"line":31,"column":2}},"line":22},"4":{"name":"(anonymous_4)","decl":{"start":{"line":33,"column":37},"end":{"line":33,"column":38}},"loc":{"start":{"line":33,"column":43},"end":{"line":35,"column":2}},"line":33},"5":{"name":"(anonymous_5)","decl":{"start":{"line":37,"column":18},"end":{"line":37,"column":19}},"loc":{"start":{"line":37,"column":24},"end":{"line":39,"column":2}},"line":37}},"branchMap":{},"s":{"0":1,"1":1,"2":1,"3":1,"4":1,"5":1,"6":1,"7":1,"8":1,"9":1,"10":1,"11":1,"12":1,"13":1,"14":1},"f":{"0":1,"1":1,"2":1,"3":1,"4":1,"5":1},"b":{},"_coverageSchema":"332fd63041d2c1bcb487cc26dd0d5f7d97098a6c","hash":"6b19ff764c6014ed47aeeef8de1a01eb70396879"}
,"C:\\Users\\xas\\Desktop\\Nanodegree\\Projetos\\MyReads\\src\\__tests__\\services\\BooksAPI.js": {"path":"C:\\Users\\xas\\Desktop\\Nanodegree\\Projetos\\MyReads\\src\\__tests__\\services\\BooksAPI.js","statementMap":{"0":{"start":{"line":5,"column":0},"end":{"line":43,"column":2}},"1":{"start":{"line":7,"column":3},"end":{"line":10,"column":5}},"2":{"start":{"line":8,"column":6},"end":{"line":8,"column":47}},"3":{"start":{"line":9,"column":6},"end":{"line":9,"column":63}},"4":{"start":{"line":12,"column":3},"end":{"line":18,"column":5}},"5":{"start":{"line":13,"column":6},"end":{"line":17,"column":11}},"6":{"start":{"line":15,"column":12},"end":{"line":15,"column":38}},"7":{"start":{"line":16,"column":12},"end":{"line":16,"column":51}},"8":{"start":{"line":20,"column":3},"end":{"line":25,"column":5}},"9":{"start":{"line":21,"column":6},"end":{"line":24,"column":11}},"10":{"start":{"line":23,"column":12},"end":{"line":23,"column":47}},"11":{"start":{"line":27,"column":3},"end":{"line":35,"column":5}},"12":{"start":{"line":28,"column":19},"end":{"line":28,"column":38}},"13":{"start":{"line":30,"column":6},"end":{"line":34,"column":11}},"14":{"start":{"line":32,"column":26},"end":{"line":32,"column":60}},"15":{"start":{"line":32,"column":46},"end":{"line":32,"column":59}},"16":{"start":{"line":33,"column":12},"end":{"line":33,"column":42}},"17":{"start":{"line":37,"column":3},"end":{"line":42,"column":5}},"18":{"start":{"line":38,"column":6},"end":{"line":41,"column":11}},"19":{"start":{"line":40,"column":12},"end":{"line":40,"column":47}}},"fnMap":{"0":{"name":"(anonymous_0)","decl":{"start":{"line":5,"column":30},"end":{"line":5,"column":31}},"loc":{"start":{"line":5,"column":36},"end":{"line":43,"column":1}},"line":5},"1":{"name":"(anonymous_1)","decl":{"start":{"line":7,"column":38},"end":{"line":7,"column":39}},"loc":{"start":{"line":7,"column":44},"end":{"line":10,"column":4}},"line":7},"2":{"name":"(anonymous_2)","decl":{"start":{"line":12,"column":19},"end":{"line":12,"column":20}},"loc":{"start":{"line":12,"column":25},"end":{"line":18,"column":4}},"line":12},"3":{"name":"(anonymous_3)","decl":{"start":{"line":14,"column":15},"end":{"line":14,"column":16}},"loc":{"start":{"line":14,"column":23},"end":{"line":17,"column":10}},"line":14},"4":{"name":"(anonymous_4)","decl":{"start":{"line":20,"column":22},"end":{"line":20,"column":23}},"loc":{"start":{"line":20,"column":28},"end":{"line":25,"column":4}},"line":20},"5":{"name":"(anonymous_5)","decl":{"start":{"line":22,"column":15},"end":{"line":22,"column":16}},"loc":{"start":{"line":22,"column":23},"end":{"line":24,"column":10}},"line":22},"6":{"name":"(anonymous_6)","decl":{"start":{"line":27,"column":22},"end":{"line":27,"column":23}},"loc":{"start":{"line":27,"column":28},"end":{"line":35,"column":4}},"line":27},"7":{"name":"(anonymous_7)","decl":{"start":{"line":31,"column":15},"end":{"line":31,"column":16}},"loc":{"start":{"line":31,"column":23},"end":{"line":34,"column":10}},"line":31},"8":{"name":"(anonymous_8)","decl":{"start":{"line":32,"column":41},"end":{"line":32,"column":42}},"loc":{"start":{"line":32,"column":46},"end":{"line":32,"column":59}},"line":32},"9":{"name":"(anonymous_9)","decl":{"start":{"line":37,"column":22},"end":{"line":37,"column":23}},"loc":{"start":{"line":37,"column":28},"end":{"line":42,"column":4}},"line":37},"10":{"name":"(anonymous_10)","decl":{"start":{"line":39,"column":15},"end":{"line":39,"column":16}},"loc":{"start":{"line":39,"column":23},"end":{"line":41,"column":10}},"line":39}},"branchMap":{},"s":{"0":1,"1":1,"2":1,"3":1,"4":1,"5":1,"6":1,"7":1,"8":1,"9":1,"10":1,"11":1,"12":1,"13":1,"14":1,"15":4,"16":1,"17":1,"18":1,"19":1},"f":{"0":1,"1":1,"2":1,"3":1,"4":1,"5":1,"6":1,"7":1,"8":4,"9":1,"10":1},"b":{},"_coverageSchema":"332fd63041d2c1bcb487cc26dd0d5f7d97098a6c","hash":"0f7657aff969b13a622cac3f8546a086decb2d4a"}
,"C:\\Users\\xas\\Desktop\\Nanodegree\\Projetos\\MyReads\\src\\components\\SearchButton.js": {"path":"C:\\Users\\xas\\Desktop\\Nanodegree\\Projetos\\MyReads\\src\\components\\SearchButton.js","statementMap":{"0":{"start":{"line":4,"column":21},"end":{"line":10,"column":1}},"1":{"start":{"line":5,"column":3},"end":{"line":9,"column":4}}},"fnMap":{"0":{"name":"(anonymous_0)","decl":{"start":{"line":4,"column":21},"end":{"line":4,"column":22}},"loc":{"start":{"line":4,"column":27},"end":{"line":10,"column":1}},"line":4}},"branchMap":{},"s":{"0":3,"1":12},"f":{"0":12},"b":{},"_coverageSchema":"332fd63041d2c1bcb487cc26dd0d5f7d97098a6c","hash":"221937d56424adaf6ad0061ffa80788bb7e31bf2"}
,"C:\\Users\\xas\\Desktop\\Nanodegree\\Projetos\\MyReads\\src\\components\\book.js": {"path":"C:\\Users\\xas\\Desktop\\Nanodegree\\Projetos\\MyReads\\src\\components\\book.js","statementMap":{"0":{"start":{"line":10,"column":2},"end":{"line":10,"column":14}},"1":{"start":{"line":11,"column":2},"end":{"line":11,"column":48}},"2":{"start":{"line":12,"column":2},"end":{"line":12,"column":50}},"3":{"start":{"line":13,"column":2},"end":{"line":13,"column":60}},"4":{"start":{"line":17,"column":17},"end":{"line":17,"column":61}},"5":{"start":{"line":18,"column":2},"end":{"line":18,"column":28}},"6":{"start":{"line":19,"column":2},"end":{"line":19,"column":40}},"7":{"start":{"line":23,"column":17},"end":{"line":23,"column":61}},"8":{"start":{"line":24,"column":2},"end":{"line":24,"column":40}},"9":{"start":{"line":25,"column":2},"end":{"line":25,"column":43}},"10":{"start":{"line":29,"column":2},"end":{"line":30,"column":43}},"11":{"start":{"line":41,"column":6},"end":{"line":41,"column":22}},"12":{"start":{"line":43,"column":2},"end":{"line":75,"column":3}},"13":{"start":{"line":68,"column":29},"end":{"line":68,"column":48}},"14":{"start":{"line":79,"column":0},"end":{"line":84,"column":1}}},"fnMap":{"0":{"name":"(anonymous_0)","decl":{"start":{"line":9,"column":1},"end":{"line":9,"column":2}},"loc":{"start":{"line":9,"column":20},"end":{"line":14,"column":2}},"line":9},"1":{"name":"(anonymous_1)","decl":{"start":{"line":16,"column":1},"end":{"line":16,"column":2}},"loc":{"start":{"line":16,"column":20},"end":{"line":20,"column":2}},"line":16},"2":{"name":"(anonymous_2)","decl":{"start":{"line":22,"column":1},"end":{"line":22,"column":2}},"loc":{"start":{"line":22,"column":22},"end":{"line":26,"column":2}},"line":22},"3":{"name":"(anonymous_3)","decl":{"start":{"line":28,"column":1},"end":{"line":28,"column":2}},"loc":{"start":{"line":28,"column":21},"end":{"line":31,"column":2}},"line":28},"4":{"name":"(anonymous_4)","decl":{"start":{"line":33,"column":1},"end":{"line":33,"column":2}},"loc":{"start":{"line":33,"column":10},"end":{"line":76,"column":2}},"line":33},"5":{"name":"(anonymous_5)","decl":{"start":{"line":68,"column":19},"end":{"line":68,"column":20}},"loc":{"start":{"line":68,"column":29},"end":{"line":68,"column":48}},"line":68}},"branchMap":{"0":{"loc":{"start":{"line":29,"column":2},"end":{"line":30,"column":43}},"type":"binary-expr","locations":[{"start":{"line":29,"column":2},"end":{"line":29,"column":24}},{"start":{"line":30,"column":3},"end":{"line":30,"column":43}}],"line":29},"1":{"loc":{"start":{"line":35,"column":3},"end":{"line":35,"column":13}},"type":"default-arg","locations":[{"start":{"line":35,"column":11},"end":{"line":35,"column":13}}],"line":35},"2":{"loc":{"start":{"line":36,"column":3},"end":{"line":36,"column":18}},"type":"default-arg","locations":[{"start":{"line":36,"column":16},"end":{"line":36,"column":18}}],"line":36},"3":{"loc":{"start":{"line":37,"column":3},"end":{"line":37,"column":15}},"type":"default-arg","locations":[{"start":{"line":37,"column":13},"end":{"line":37,"column":15}}],"line":37},"4":{"loc":{"start":{"line":38,"column":3},"end":{"line":38,"column":17}},"type":"default-arg","locations":[{"start":{"line":38,"column":11},"end":{"line":38,"column":17}}],"line":38},"5":{"loc":{"start":{"line":39,"column":3},"end":{"line":39,"column":10}},"type":"default-arg","locations":[{"start":{"line":39,"column":8},"end":{"line":39,"column":10}}],"line":39},"6":{"loc":{"start":{"line":40,"column":3},"end":{"line":40,"column":15}},"type":"default-arg","locations":[{"start":{"line":40,"column":14},"end":{"line":40,"column":15}}],"line":40},"7":{"loc":{"start":{"line":68,"column":30},"end":{"line":68,"column":43}},"type":"cond-expr","locations":[{"start":{"line":68,"column":34},"end":{"line":68,"column":38}},{"start":{"line":68,"column":41},"end":{"line":68,"column":43}}],"line":68},"8":{"loc":{"start":{"line":71,"column":6},"end":{"line":72,"column":82}},"type":"cond-expr","locations":[{"start":{"line":72,"column":6},"end":{"line":72,"column":77}},{"start":{"line":72,"column":80},"end":{"line":72,"column":82}}],"line":71},"9":{"loc":{"start":{"line":71,"column":6},"end":{"line":71,"column":47}},"type":"binary-expr","locations":[{"start":{"line":71,"column":6},"end":{"line":71,"column":22}},{"start":{"line":71,"column":26},"end":{"line":71,"column":47}}],"line":71}},"s":{"0":16,"1":16,"2":16,"3":16,"4":2,"5":2,"6":2,"7":1,"8":1,"9":1,"10":2,"11":31,"12":31,"13":4,"14":6},"f":{"0":16,"1":2,"2":1,"3":2,"4":31,"5":4},"b":{"0":[2,2],"1":[11],"2":[31],"3":[29],"4":[1],"5":[4],"6":[31],"7":[2,2],"8":[9,22],"9":[31,9]},"_coverageSchema":"332fd63041d2c1bcb487cc26dd0d5f7d97098a6c","hash":"ccb7fe9cc9587899a4012cde5df618ca1636777a"}
,"C:\\Users\\xas\\Desktop\\Nanodegree\\Projetos\\MyReads\\src\\components\\rating.js": {"path":"C:\\Users\\xas\\Desktop\\Nanodegree\\Projetos\\MyReads\\src\\components\\rating.js","statementMap":{"0":{"start":{"line":5,"column":15},"end":{"line":35,"column":1}},"1":{"start":{"line":7,"column":21},"end":{"line":9,"column":2}},"2":{"start":{"line":8,"column":2},"end":{"line":8,"column":44}},"3":{"start":{"line":11,"column":16},"end":{"line":28,"column":2}},"4":{"start":{"line":12,"column":14},"end":{"line":12,"column":16}},"5":{"start":{"line":15,"column":2},"end":{"line":20,"column":3}},"6":{"start":{"line":16,"column":3},"end":{"line":16,"column":58}},"7":{"start":{"line":18,"column":3},"end":{"line":18,"column":135}},"8":{"start":{"line":19,"column":3},"end":{"line":19,"column":127}},"9":{"start":{"line":22,"column":2},"end":{"line":27,"column":3}},"10":{"start":{"line":30,"column":1},"end":{"line":34,"column":2}},"11":{"start":{"line":37,"column":0},"end":{"line":41,"column":1}}},"fnMap":{"0":{"name":"(anonymous_0)","decl":{"start":{"line":5,"column":15},"end":{"line":5,"column":16}},"loc":{"start":{"line":5,"column":26},"end":{"line":35,"column":1}},"line":5},"1":{"name":"(anonymous_1)","decl":{"start":{"line":7,"column":21},"end":{"line":7,"column":22}},"loc":{"start":{"line":7,"column":32},"end":{"line":9,"column":2}},"line":7},"2":{"name":"(anonymous_2)","decl":{"start":{"line":11,"column":16},"end":{"line":11,"column":17}},"loc":{"start":{"line":11,"column":22},"end":{"line":28,"column":2}},"line":11}},"branchMap":{"0":{"loc":{"start":{"line":16,"column":3},"end":{"line":16,"column":58}},"type":"cond-expr","locations":[{"start":{"line":16,"column":26},"end":{"line":16,"column":40}},{"start":{"line":16,"column":43},"end":{"line":16,"column":58}}],"line":16}},"s":{"0":7,"1":10,"2":1,"3":10,"4":10,"5":10,"6":50,"7":50,"8":50,"9":10,"10":10,"11":7},"f":{"0":10,"1":1,"2":10},"b":{"0":[2,48]},"_coverageSchema":"332fd63041d2c1bcb487cc26dd0d5f7d97098a6c","hash":"7b2729a7d568449aed0f2b51cf4adf223a2eb1ab"}
,"C:\\Users\\xas\\Desktop\\Nanodegree\\Projetos\\MyReads\\src\\scenes\\home\\bookshelf.js": {"path":"C:\\Users\\xas\\Desktop\\Nanodegree\\Projetos\\MyReads\\src\\scenes\\home\\bookshelf.js","statementMap":{"0":{"start":{"line":6,"column":18},"end":{"line":27,"column":1}},"1":{"start":{"line":8,"column":3},"end":{"line":26,"column":4}},"2":{"start":{"line":20,"column":21},"end":{"line":20,"column":103}},"3":{"start":{"line":29,"column":0},"end":{"line":33,"column":1}}},"fnMap":{"0":{"name":"(anonymous_0)","decl":{"start":{"line":6,"column":18},"end":{"line":6,"column":19}},"loc":{"start":{"line":6,"column":29},"end":{"line":27,"column":1}},"line":6},"1":{"name":"(anonymous_1)","decl":{"start":{"line":19,"column":35},"end":{"line":19,"column":36}},"loc":{"start":{"line":20,"column":21},"end":{"line":20,"column":103}},"line":20}},"branchMap":{},"s":{"0":3,"1":32,"2":24,"3":3},"f":{"0":32,"1":24},"b":{},"_coverageSchema":"332fd63041d2c1bcb487cc26dd0d5f7d97098a6c","hash":"c7e85e80f32c4a3e0b8e645343545c691b66d21b"}
,"C:\\Users\\xas\\Desktop\\Nanodegree\\Projetos\\MyReads\\src\\scenes\\home\\index.js": {"path":"C:\\Users\\xas\\Desktop\\Nanodegree\\Projetos\\MyReads\\src\\scenes\\home\\index.js","statementMap":{"0":{"start":{"line":6,"column":13},"end":{"line":29,"column":1}},"1":{"start":{"line":8,"column":33},"end":{"line":8,"column":38}},"2":{"start":{"line":10,"column":19},"end":{"line":10,"column":68}},"3":{"start":{"line":10,"column":37},"end":{"line":10,"column":67}},"4":{"start":{"line":11,"column":18},"end":{"line":11,"column":61}},"5":{"start":{"line":11,"column":36},"end":{"line":11,"column":60}},"6":{"start":{"line":12,"column":16},"end":{"line":12,"column":53}},"7":{"start":{"line":12,"column":34},"end":{"line":12,"column":52}},"8":{"start":{"line":14,"column":3},"end":{"line":28,"column":4}},"9":{"start":{"line":31,"column":0},"end":{"line":34,"column":1}}},"fnMap":{"0":{"name":"(anonymous_0)","decl":{"start":{"line":6,"column":13},"end":{"line":6,"column":14}},"loc":{"start":{"line":6,"column":24},"end":{"line":29,"column":1}},"line":6},"1":{"name":"(anonymous_1)","decl":{"start":{"line":10,"column":32},"end":{"line":10,"column":33}},"loc":{"start":{"line":10,"column":37},"end":{"line":10,"column":67}},"line":10},"2":{"name":"(anonymous_2)","decl":{"start":{"line":11,"column":31},"end":{"line":11,"column":32}},"loc":{"start":{"line":11,"column":36},"end":{"line":11,"column":60}},"line":11},"3":{"name":"(anonymous_3)","decl":{"start":{"line":12,"column":29},"end":{"line":12,"column":30}},"loc":{"start":{"line":12,"column":34},"end":{"line":12,"column":52}},"line":12}},"branchMap":{},"s":{"0":2,"1":11,"2":11,"3":25,"4":11,"5":25,"6":11,"7":25,"8":11,"9":2},"f":{"0":11,"1":25,"2":25,"3":25},"b":{},"_coverageSchema":"332fd63041d2c1bcb487cc26dd0d5f7d97098a6c","hash":"27ebf19d79da4aa11e5467830317ee6ee30ecb40"}
,"C:\\Users\\xas\\Desktop\\Nanodegree\\Projetos\\MyReads\\src\\scenes\\search\\index.js": {"path":"C:\\Users\\xas\\Desktop\\Nanodegree\\Projetos\\MyReads\\src\\scenes\\search\\index.js","statementMap":{"0":{"start":{"line":11,"column":6},"end":{"line":11,"column":30}},"1":{"start":{"line":12,"column":6},"end":{"line":12,"column":35}},"2":{"start":{"line":16,"column":26},"end":{"line":16,"column":36}},"3":{"start":{"line":17,"column":24},"end":{"line":17,"column":34}},"4":{"start":{"line":19,"column":6},"end":{"line":45,"column":7}},"5":{"start":{"line":23,"column":33},"end":{"line":23,"column":53}},"6":{"start":{"line":34,"column":38},"end":{"line":34,"column":70}},"7":{"start":{"line":49,"column":0},"end":{"line":54,"column":1}}},"fnMap":{"0":{"name":"(anonymous_0)","decl":{"start":{"line":10,"column":3},"end":{"line":10,"column":4}},"loc":{"start":{"line":10,"column":22},"end":{"line":13,"column":4}},"line":10},"1":{"name":"(anonymous_1)","decl":{"start":{"line":15,"column":3},"end":{"line":15,"column":4}},"loc":{"start":{"line":15,"column":12},"end":{"line":46,"column":4}},"line":15},"2":{"name":"(anonymous_2)","decl":{"start":{"line":23,"column":27},"end":{"line":23,"column":28}},"loc":{"start":{"line":23,"column":33},"end":{"line":23,"column":53}},"line":23},"3":{"name":"(anonymous_3)","decl":{"start":{"line":34,"column":31},"end":{"line":34,"column":32}},"loc":{"start":{"line":34,"column":38},"end":{"line":34,"column":70}},"line":34}},"branchMap":{},"s":{"0":2,"1":2,"2":6,"3":6,"4":6,"5":1,"6":1,"7":2},"f":{"0":2,"1":6,"2":1,"3":1},"b":{},"_coverageSchema":"332fd63041d2c1bcb487cc26dd0d5f7d97098a6c","hash":"3f5caa918a216635aefc65b39d821763c035d401"}
,"C:\\Users\\xas\\Desktop\\Nanodegree\\Projetos\\MyReads\\src\\scenes\\search\\result.js": {"path":"C:\\Users\\xas\\Desktop\\Nanodegree\\Projetos\\MyReads\\src\\scenes\\search\\result.js","statementMap":{"0":{"start":{"line":6,"column":15},"end":{"line":36,"column":1}},"1":{"start":{"line":8,"column":1},"end":{"line":12,"column":2}},"2":{"start":{"line":9,"column":2},"end":{"line":11,"column":3}},"3":{"start":{"line":14,"column":1},"end":{"line":35,"column":2}},"4":{"start":{"line":24,"column":7},"end":{"line":30,"column":9}},"5":{"start":{"line":38,"column":0},"end":{"line":42,"column":1}}},"fnMap":{"0":{"name":"(anonymous_0)","decl":{"start":{"line":6,"column":15},"end":{"line":6,"column":16}},"loc":{"start":{"line":6,"column":26},"end":{"line":36,"column":1}},"line":6},"1":{"name":"(anonymous_1)","decl":{"start":{"line":23,"column":22},"end":{"line":23,"column":23}},"loc":{"start":{"line":24,"column":7},"end":{"line":30,"column":9}},"line":24}},"branchMap":{"0":{"loc":{"start":{"line":8,"column":1},"end":{"line":12,"column":2}},"type":"if","locations":[{"start":{"line":8,"column":1},"end":{"line":12,"column":2}},{"start":{"line":8,"column":1},"end":{"line":12,"column":2}}],"line":8}},"s":{"0":3,"1":8,"2":3,"3":5,"4":5,"5":3},"f":{"0":8,"1":5},"b":{"0":[3,5]},"_coverageSchema":"332fd63041d2c1bcb487cc26dd0d5f7d97098a6c","hash":"8e1b150c786066c635a2c57351e1f8fec9e97bcd"}
,"C:\\Users\\xas\\Desktop\\Nanodegree\\Projetos\\MyReads\\src\\services\\BooksAPI.js": {"path":"C:\\Users\\xas\\Desktop\\Nanodegree\\Projetos\\MyReads\\src\\services\\BooksAPI.js","statementMap":{"0":{"start":{"line":2,"column":12},"end":{"line":2,"column":51}},"1":{"start":{"line":5,"column":24},"end":{"line":10,"column":1}},"2":{"start":{"line":6,"column":13},"end":{"line":6,"column":38}},"3":{"start":{"line":7,"column":1},"end":{"line":8,"column":46}},"4":{"start":{"line":8,"column":2},"end":{"line":8,"column":46}},"5":{"start":{"line":9,"column":1},"end":{"line":9,"column":13}},"6":{"start":{"line":12,"column":16},"end":{"line":15,"column":1}},"7":{"start":{"line":17,"column":19},"end":{"line":20,"column":26}},"8":{"start":{"line":18,"column":1},"end":{"line":20,"column":26}},"9":{"start":{"line":19,"column":15},"end":{"line":19,"column":25}},"10":{"start":{"line":20,"column":16},"end":{"line":20,"column":25}},"11":{"start":{"line":22,"column":22},"end":{"line":25,"column":27}},"12":{"start":{"line":23,"column":1},"end":{"line":25,"column":27}},"13":{"start":{"line":24,"column":15},"end":{"line":24,"column":25}},"14":{"start":{"line":25,"column":16},"end":{"line":25,"column":26}},"15":{"start":{"line":27,"column":22},"end":{"line":35,"column":27}},"16":{"start":{"line":28,"column":1},"end":{"line":35,"column":27}},"17":{"start":{"line":35,"column":16},"end":{"line":35,"column":26}},"18":{"start":{"line":37,"column":22},"end":{"line":46,"column":27}},"19":{"start":{"line":38,"column":1},"end":{"line":46,"column":27}},"20":{"start":{"line":45,"column":16},"end":{"line":45,"column":26}},"21":{"start":{"line":46,"column":16},"end":{"line":46,"column":26}}},"fnMap":{"0":{"name":"(anonymous_0)","decl":{"start":{"line":5,"column":24},"end":{"line":5,"column":25}},"loc":{"start":{"line":5,"column":33},"end":{"line":10,"column":1}},"line":5},"1":{"name":"(anonymous_1)","decl":{"start":{"line":17,"column":19},"end":{"line":17,"column":20}},"loc":{"start":{"line":18,"column":1},"end":{"line":20,"column":26}},"line":18},"2":{"name":"(anonymous_2)","decl":{"start":{"line":19,"column":8},"end":{"line":19,"column":9}},"loc":{"start":{"line":19,"column":15},"end":{"line":19,"column":25}},"line":19},"3":{"name":"(anonymous_3)","decl":{"start":{"line":20,"column":8},"end":{"line":20,"column":9}},"loc":{"start":{"line":20,"column":16},"end":{"line":20,"column":25}},"line":20},"4":{"name":"(anonymous_4)","decl":{"start":{"line":22,"column":22},"end":{"line":22,"column":23}},"loc":{"start":{"line":23,"column":1},"end":{"line":25,"column":27}},"line":23},"5":{"name":"(anonymous_5)","decl":{"start":{"line":24,"column":8},"end":{"line":24,"column":9}},"loc":{"start":{"line":24,"column":15},"end":{"line":24,"column":25}},"line":24},"6":{"name":"(anonymous_6)","decl":{"start":{"line":25,"column":8},"end":{"line":25,"column":9}},"loc":{"start":{"line":25,"column":16},"end":{"line":25,"column":26}},"line":25},"7":{"name":"(anonymous_7)","decl":{"start":{"line":27,"column":22},"end":{"line":27,"column":23}},"loc":{"start":{"line":28,"column":1},"end":{"line":35,"column":27}},"line":28},"8":{"name":"(anonymous_8)","decl":{"start":{"line":35,"column":9},"end":{"line":35,"column":10}},"loc":{"start":{"line":35,"column":16},"end":{"line":35,"column":26}},"line":35},"9":{"name":"(anonymous_9)","decl":{"start":{"line":37,"column":22},"end":{"line":37,"column":23}},"loc":{"start":{"line":38,"column":1},"end":{"line":46,"column":27}},"line":38},"10":{"name":"(anonymous_10)","decl":{"start":{"line":45,"column":9},"end":{"line":45,"column":10}},"loc":{"start":{"line":45,"column":16},"end":{"line":45,"column":26}},"line":45},"11":{"name":"(anonymous_11)","decl":{"start":{"line":46,"column":8},"end":{"line":46,"column":9}},"loc":{"start":{"line":46,"column":16},"end":{"line":46,"column":26}},"line":46}},"branchMap":{"0":{"loc":{"start":{"line":6,"column":13},"end":{"line":6,"column":38}},"type":"binary-expr","locations":[{"start":{"line":6,"column":13},"end":{"line":6,"column":16}},{"start":{"line":6,"column":20},"end":{"line":6,"column":38}}],"line":6},"1":{"loc":{"start":{"line":7,"column":1},"end":{"line":8,"column":46}},"type":"if","locations":[{"start":{"line":7,"column":1},"end":{"line":8,"column":46}},{"start":{"line":7,"column":1},"end":{"line":8,"column":46}}],"line":7}},"s":{"0":1,"1":1,"2":3,"3":3,"4":2,"5":1,"6":1,"7":1,"8":1,"9":1,"10":1,"11":1,"12":1,"13":1,"14":1,"15":1,"16":1,"17":1,"18":1,"19":1,"20":1,"21":1},"f":{"0":3,"1":1,"2":1,"3":1,"4":1,"5":1,"6":1,"7":1,"8":1,"9":1,"10":1,"11":1},"b":{"0":[3,2],"1":[2,1]},"_coverageSchema":"332fd63041d2c1bcb487cc26dd0d5f7d97098a6c","hash":"fcac28995176dc14e58219ddd74c7d0a7ec77c51"}
}
