TN:
SF:C:\Users\xas\Desktop\Nanodegree\Projetos\MyReads\src\App.js
FN:10,(anonymous_0)
FN:18,(anonymous_1)
FN:24,(anonymous_2)
FN:28,(anonymous_3)
FN:31,(anonymous_4)
FN:45,(anonymous_5)
FN:50,(anonymous_6)
FN:51,(anonymous_7)
FN:54,(anonymous_8)
FN:55,(anonymous_9)
FN:61,(anonymous_10)
FN:67,(anonymous_11)
FN:74,(anonymous_12)
FNF:13
FNH:13
FNDA:4,(anonymous_0)
FNDA:4,(anonymous_1)
FNDA:3,(anonymous_2)
FNDA:2,(anonymous_3)
FNDA:3,(anonymous_4)
FNDA:5,(anonymous_5)
FNDA:1,(anonymous_6)
FNDA:1,(anonymous_7)
FNDA:2,(anonymous_8)
FNDA:4,(anonymous_9)
FNDA:13,(anonymous_10)
FNDA:9,(anonymous_11)
FNDA:2,(anonymous_12)
DA:11,4
DA:12,4
DA:13,4
DA:14,4
DA:15,4
DA:20,4
DA:21,1
DA:22,1
DA:24,3
DA:29,2
DA:31,2
DA:32,3
DA:33,1
DA:34,1
DA:36,3
DA:39,2
DA:41,2
DA:42,2
DA:46,5
DA:47,5
DA:51,1
DA:55,4
DA:56,2
DA:57,2
DA:58,2
DA:62,13
DA:64,13
DA:68,9
DA:75,2
LF:29
LH:29
BRDA:20,0,0,1
BRDA:20,0,1,3
BRDA:32,1,0,1
BRDA:32,1,1,2
BRDA:39,2,0,1
BRDA:39,2,1,1
BRDA:55,3,0,2
BRDA:55,3,1,1
BRDA:62,4,0,0
BRDA:62,5,0,0
BRF:10
BRH:8
end_of_record
TN:
SF:C:\Users\xas\Desktop\Nanodegree\Projetos\MyReads\src\index.js
FNF:0
FNH:0
DA:1,0
LF:1
LH:0
BRF:0
BRH:0
end_of_record
TN:
SF:C:\Users\xas\Desktop\Nanodegree\Projetos\MyReads\src\setupTests.js
FNF:0
FNH:0
DA:4,9
DA:6,9
LF:2
LH:2
BRF:0
BRH:0
end_of_record
TN:
SF:C:\Users\xas\Desktop\Nanodegree\Projetos\MyReads\src\__tests__\App.js
FN:27,(anonymous_0)
FN:35,(anonymous_1)
FN:36,(anonymous_2)
FN:40,(anonymous_3)
FN:44,(anonymous_4)
FN:48,(anonymous_5)
FN:58,(anonymous_6)
FN:62,(anonymous_7)
FN:65,(anonymous_8)
FN:66,(anonymous_9)
FN:71,(anonymous_10)
FN:72,(anonymous_11)
FN:81,(anonymous_12)
FN:85,(anonymous_13)
FN:90,(anonymous_14)
FN:96,(anonymous_15)
FN:102,(anonymous_16)
FN:103,(anonymous_17)
FNF:18
FNH:18
FNDA:2,(anonymous_0)
FNDA:1,(anonymous_1)
FNDA:1,(anonymous_2)
FNDA:1,(anonymous_3)
FNDA:1,(anonymous_4)
FNDA:1,(anonymous_5)
FNDA:1,(anonymous_6)
FNDA:1,(anonymous_7)
FNDA:3,(anonymous_8)
FNDA:3,(anonymous_9)
FNDA:1,(anonymous_10)
FNDA:1,(anonymous_11)
FNDA:1,(anonymous_12)
FNDA:1,(anonymous_13)
FNDA:1,(anonymous_14)
FNDA:1,(anonymous_15)
FNDA:1,(anonymous_16)
FNDA:1,(anonymous_17)
DA:1,1
DA:9,1
DA:27,2
DA:29,1
DA:35,1
DA:36,1
DA:37,1
DA:40,1
DA:41,1
DA:44,1
DA:45,1
DA:48,1
DA:49,1
DA:55,1
DA:58,1
DA:59,1
DA:62,1
DA:63,1
DA:65,1
DA:66,3
DA:69,1
DA:71,1
DA:72,1
DA:75,1
DA:81,1
DA:82,1
DA:85,1
DA:86,1
DA:87,1
DA:90,1
DA:91,1
DA:92,1
DA:93,1
DA:96,1
DA:97,1
DA:98,1
DA:102,1
DA:103,1
DA:104,1
DA:105,1
DA:106,1
LF:41
LH:41
BRF:0
BRH:0
end_of_record
TN:
SF:C:\Users\xas\Desktop\Nanodegree\Projetos\MyReads\src\__tests__\components\SearchButton.js
FN:8,(anonymous_0)
FN:9,(anonymous_1)
FN:13,(anonymous_2)
FN:17,(anonymous_3)
FNF:4
FNH:4
FNDA:1,(anonymous_0)
FNDA:1,(anonymous_1)
FNDA:1,(anonymous_2)
FNDA:1,(anonymous_3)
DA:6,1
DA:8,1
DA:9,1
DA:10,1
DA:13,1
DA:14,1
DA:17,1
DA:18,1
LF:8
LH:8
BRF:0
BRH:0
end_of_record
TN:
SF:C:\Users\xas\Desktop\Nanodegree\Projetos\MyReads\src\__tests__\components\book.js
FN:15,(anonymous_0)
FN:16,(anonymous_1)
FN:20,(anonymous_2)
FN:24,(anonymous_3)
FN:25,(anonymous_4)
FN:29,(anonymous_5)
FN:33,(anonymous_6)
FN:37,(anonymous_7)
FN:41,(anonymous_8)
FN:46,(anonymous_9)
FN:54,(anonymous_10)
FN:60,(anonymous_11)
FN:66,(anonymous_12)
FN:72,(anonymous_13)
FN:84,(anonymous_14)
FN:90,(anonymous_15)
FNF:16
FNH:16
FNDA:1,(anonymous_0)
FNDA:1,(anonymous_1)
FNDA:1,(anonymous_2)
FNDA:1,(anonymous_3)
FNDA:1,(anonymous_4)
FNDA:1,(anonymous_5)
FNDA:1,(anonymous_6)
FNDA:1,(anonymous_7)
FNDA:1,(anonymous_8)
FNDA:1,(anonymous_9)
FNDA:1,(anonymous_10)
FNDA:1,(anonymous_11)
FNDA:1,(anonymous_12)
FNDA:1,(anonymous_13)
FNDA:1,(anonymous_14)
FNDA:1,(anonymous_15)
DA:6,1
DA:13,1
DA:15,1
DA:16,1
DA:17,1
DA:20,1
DA:21,1
DA:24,1
DA:25,1
DA:26,1
DA:29,1
DA:30,1
DA:33,1
DA:34,1
DA:37,1
DA:38,1
DA:41,1
DA:42,1
DA:46,1
DA:47,1
DA:52,1
DA:54,1
DA:55,1
DA:56,1
DA:57,1
DA:60,1
DA:61,1
DA:62,1
DA:63,1
DA:66,1
DA:67,1
DA:68,1
DA:72,1
DA:73,1
DA:78,1
DA:80,1
DA:81,1
DA:84,1
DA:85,1
DA:86,1
DA:87,1
DA:90,1
DA:91,1
DA:92,1
DA:93,1
DA:94,1
LF:46
LH:46
BRF:0
BRH:0
end_of_record
TN:
SF:C:\Users\xas\Desktop\Nanodegree\Projetos\MyReads\src\__tests__\components\rating.js
FN:13,(anonymous_0)
FN:14,(anonymous_1)
FN:18,(anonymous_2)
FN:22,(anonymous_3)
FN:26,(anonymous_4)
FN:31,(anonymous_5)
FN:36,(anonymous_6)
FNF:7
FNH:7
FNDA:1,(anonymous_0)
FNDA:1,(anonymous_1)
FNDA:1,(anonymous_2)
FNDA:1,(anonymous_3)
FNDA:1,(anonymous_4)
FNDA:1,(anonymous_5)
FNDA:1,(anonymous_6)
DA:5,1
DA:11,1
DA:13,1
DA:14,1
DA:15,1
DA:18,1
DA:19,1
DA:22,1
DA:23,1
DA:26,1
DA:27,1
DA:28,1
DA:31,1
DA:32,1
DA:33,1
DA:36,1
DA:37,1
LF:17
LH:17
BRF:0
BRH:0
end_of_record
TN:
SF:C:\Users\xas\Desktop\Nanodegree\Projetos\MyReads\src\__tests__\scenes\home\bookshelf.js
FN:16,(anonymous_0)
FN:17,(anonymous_1)
FN:21,(anonymous_2)
FN:25,(anonymous_3)
FN:29,(anonymous_4)
FNF:5
FNH:5
FNDA:1,(anonymous_0)
FNDA:1,(anonymous_1)
FNDA:1,(anonymous_2)
FNDA:1,(anonymous_3)
FNDA:1,(anonymous_4)
DA:5,1
DA:14,1
DA:16,1
DA:17,1
DA:18,1
DA:21,1
DA:22,1
DA:25,1
DA:26,1
DA:29,1
DA:30,1
LF:11
LH:11
BRF:0
BRH:0
end_of_record
TN:
SF:C:\Users\xas\Desktop\Nanodegree\Projetos\MyReads\src\__tests__\scenes\home\index.js
FN:17,(anonymous_0)
FN:18,(anonymous_1)
FN:22,(anonymous_2)
FN:26,(anonymous_3)
FN:30,(anonymous_4)
FNF:5
FNH:5
FNDA:1,(anonymous_0)
FNDA:1,(anonymous_1)
FNDA:1,(anonymous_2)
FNDA:1,(anonymous_3)
FNDA:1,(anonymous_4)
DA:6,1
DA:15,1
DA:17,1
DA:18,1
DA:19,1
DA:22,1
DA:23,1
DA:26,1
DA:27,1
DA:30,1
DA:31,1
LF:11
LH:11
BRF:0
BRH:0
end_of_record
TN:
SF:C:\Users\xas\Desktop\Nanodegree\Projetos\MyReads\src\__tests__\scenes\search\index.js
FN:15,(anonymous_0)
FN:16,(anonymous_1)
FN:20,(anonymous_2)
FN:24,(anonymous_3)
FN:28,(anonymous_4)
FN:32,(anonymous_5)
FN:36,(anonymous_6)
FN:41,(anonymous_7)
FNF:8
FNH:8
FNDA:1,(anonymous_0)
FNDA:1,(anonymous_1)
FNDA:1,(anonymous_2)
FNDA:1,(anonymous_3)
FNDA:1,(anonymous_4)
FNDA:1,(anonymous_5)
FNDA:1,(anonymous_6)
FNDA:1,(anonymous_7)
DA:6,1
DA:13,1
DA:15,1
DA:16,1
DA:17,1
DA:20,1
DA:21,1
DA:24,1
DA:25,1
DA:28,1
DA:29,1
DA:32,1
DA:33,1
DA:36,1
DA:37,1
DA:38,1
DA:41,1
DA:42,1
DA:43,1
LF:19
LH:19
BRF:0
BRH:0
end_of_record
TN:
SF:C:\Users\xas\Desktop\Nanodegree\Projetos\MyReads\src\__tests__\scenes\search\result.js
FN:13,(anonymous_0)
FN:14,(anonymous_1)
FN:18,(anonymous_2)
FN:22,(anonymous_3)
FN:33,(anonymous_4)
FN:37,(anonymous_5)
FNF:6
FNH:6
FNDA:1,(anonymous_0)
FNDA:1,(anonymous_1)
FNDA:1,(anonymous_2)
FNDA:1,(anonymous_3)
FNDA:1,(anonymous_4)
FNDA:1,(anonymous_5)
DA:5,1
DA:11,1
DA:13,1
DA:14,1
DA:15,1
DA:18,1
DA:19,1
DA:22,1
DA:23,1
DA:29,1
DA:30,1
DA:33,1
DA:34,1
DA:37,1
DA:38,1
LF:15
LH:15
BRF:0
BRH:0
end_of_record
TN:
SF:C:\Users\xas\Desktop\Nanodegree\Projetos\MyReads\src\__tests__\services\BooksAPI.js
FN:5,(anonymous_0)
FN:7,(anonymous_1)
FN:12,(anonymous_2)
FN:14,(anonymous_3)
FN:20,(anonymous_4)
FN:22,(anonymous_5)
FN:27,(anonymous_6)
FN:31,(anonymous_7)
FN:32,(anonymous_8)
FN:37,(anonymous_9)
FN:39,(anonymous_10)
FNF:11
FNH:11
FNDA:1,(anonymous_0)
FNDA:1,(anonymous_1)
FNDA:1,(anonymous_2)
FNDA:1,(anonymous_3)
FNDA:1,(anonymous_4)
FNDA:1,(anonymous_5)
FNDA:1,(anonymous_6)
FNDA:1,(anonymous_7)
FNDA:4,(anonymous_8)
FNDA:1,(anonymous_9)
FNDA:1,(anonymous_10)
DA:5,1
DA:7,1
DA:8,1
DA:9,1
DA:12,1
DA:13,1
DA:15,1
DA:16,1
DA:20,1
DA:21,1
DA:23,1
DA:27,1
DA:28,1
DA:30,1
DA:32,4
DA:33,1
DA:37,1
DA:38,1
DA:40,1
LF:19
LH:19
BRF:0
BRH:0
end_of_record
TN:
SF:C:\Users\xas\Desktop\Nanodegree\Projetos\MyReads\src\components\SearchButton.js
FN:4,(anonymous_0)
FNF:1
FNH:1
FNDA:12,(anonymous_0)
DA:4,3
DA:5,12
LF:2
LH:2
BRF:0
BRH:0
end_of_record
TN:
SF:C:\Users\xas\Desktop\Nanodegree\Projetos\MyReads\src\components\book.js
FN:9,(anonymous_0)
FN:16,(anonymous_1)
FN:22,(anonymous_2)
FN:28,(anonymous_3)
FN:33,(anonymous_4)
FN:68,(anonymous_5)
FNF:6
FNH:6
FNDA:16,(anonymous_0)
FNDA:2,(anonymous_1)
FNDA:1,(anonymous_2)
FNDA:2,(anonymous_3)
FNDA:31,(anonymous_4)
FNDA:4,(anonymous_5)
DA:10,16
DA:11,16
DA:12,16
DA:13,16
DA:17,2
DA:18,2
DA:19,2
DA:23,1
DA:24,1
DA:25,1
DA:29,2
DA:41,31
DA:43,31
DA:68,4
DA:79,6
LF:15
LH:15
BRDA:29,0,0,2
BRDA:29,0,1,2
BRDA:35,1,0,11
BRDA:36,2,0,31
BRDA:37,3,0,29
BRDA:38,4,0,1
BRDA:39,5,0,4
BRDA:40,6,0,31
BRDA:68,7,0,2
BRDA:68,7,1,2
BRDA:71,8,0,9
BRDA:71,8,1,22
BRDA:71,9,0,31
BRDA:71,9,1,9
BRF:14
BRH:14
end_of_record
TN:
SF:C:\Users\xas\Desktop\Nanodegree\Projetos\MyReads\src\components\rating.js
FN:5,(anonymous_0)
FN:7,(anonymous_1)
FN:11,(anonymous_2)
FNF:3
FNH:3
FNDA:10,(anonymous_0)
FNDA:1,(anonymous_1)
FNDA:10,(anonymous_2)
DA:5,7
DA:7,10
DA:8,1
DA:11,10
DA:12,10
DA:15,10
DA:16,50
DA:18,50
DA:19,50
DA:22,10
DA:30,10
DA:37,7
LF:12
LH:12
BRDA:16,0,0,2
BRDA:16,0,1,48
BRF:2
BRH:2
end_of_record
TN:
SF:C:\Users\xas\Desktop\Nanodegree\Projetos\MyReads\src\scenes\home\bookshelf.js
FN:6,(anonymous_0)
FN:19,(anonymous_1)
FNF:2
FNH:2
FNDA:32,(anonymous_0)
FNDA:24,(anonymous_1)
DA:6,3
DA:8,32
DA:20,24
DA:29,3
LF:4
LH:4
BRF:0
BRH:0
end_of_record
TN:
SF:C:\Users\xas\Desktop\Nanodegree\Projetos\MyReads\src\scenes\home\index.js
FN:6,(anonymous_0)
FN:10,(anonymous_1)
FN:11,(anonymous_2)
FN:12,(anonymous_3)
FNF:4
FNH:4
FNDA:11,(anonymous_0)
FNDA:25,(anonymous_1)
FNDA:25,(anonymous_2)
FNDA:25,(anonymous_3)
DA:6,2
DA:8,11
DA:10,25
DA:11,25
DA:12,25
DA:14,11
DA:31,2
LF:7
LH:7
BRF:0
BRH:0
end_of_record
TN:
SF:C:\Users\xas\Desktop\Nanodegree\Projetos\MyReads\src\scenes\search\index.js
FN:10,(anonymous_0)
FN:15,(anonymous_1)
FN:23,(anonymous_2)
FN:34,(anonymous_3)
FNF:4
FNH:4
FNDA:2,(anonymous_0)
FNDA:6,(anonymous_1)
FNDA:1,(anonymous_2)
FNDA:1,(anonymous_3)
DA:11,2
DA:12,2
DA:16,6
DA:17,6
DA:19,6
DA:23,1
DA:34,1
DA:49,2
LF:8
LH:8
BRF:0
BRH:0
end_of_record
TN:
SF:C:\Users\xas\Desktop\Nanodegree\Projetos\MyReads\src\scenes\search\result.js
FN:6,(anonymous_0)
FN:23,(anonymous_1)
FNF:2
FNH:2
FNDA:8,(anonymous_0)
FNDA:5,(anonymous_1)
DA:6,3
DA:8,8
DA:9,3
DA:14,5
DA:24,5
DA:38,3
LF:6
LH:6
BRDA:8,0,0,3
BRDA:8,0,1,5
BRF:2
BRH:2
end_of_record
TN:
SF:C:\Users\xas\Desktop\Nanodegree\Projetos\MyReads\src\services\BooksAPI.js
FN:5,(anonymous_0)
FN:17,(anonymous_1)
FN:19,(anonymous_2)
FN:20,(anonymous_3)
FN:22,(anonymous_4)
FN:24,(anonymous_5)
FN:25,(anonymous_6)
FN:27,(anonymous_7)
FN:35,(anonymous_8)
FN:37,(anonymous_9)
FN:45,(anonymous_10)
FN:46,(anonymous_11)
FNF:12
FNH:12
FNDA:3,(anonymous_0)
FNDA:1,(anonymous_1)
FNDA:1,(anonymous_2)
FNDA:1,(anonymous_3)
FNDA:1,(anonymous_4)
FNDA:1,(anonymous_5)
FNDA:1,(anonymous_6)
FNDA:1,(anonymous_7)
FNDA:1,(anonymous_8)
FNDA:1,(anonymous_9)
FNDA:1,(anonymous_10)
FNDA:1,(anonymous_11)
DA:2,1
DA:5,1
DA:6,3
DA:7,3
DA:8,2
DA:9,1
DA:12,1
DA:17,1
DA:18,1
DA:19,1
DA:20,1
DA:22,1
DA:23,1
DA:24,1
DA:25,1
DA:27,1
DA:28,1
DA:35,1
DA:37,1
DA:38,1
DA:45,1
DA:46,1
LF:22
LH:22
BRDA:6,0,0,3
BRDA:6,0,1,2
BRDA:7,1,0,2
BRDA:7,1,1,1
BRF:4
BRH:4
end_of_record
